<?xml version="1.0" encoding="UTF-8"?>
<!-- Generated by org.testng.reporters.JUnitXMLReporter -->
<testsuite ignored="0" hostname="Dianas-MacBook-Air.local" failures="10" tests="21" name="Test" time="122.273" errors="0" timestamp="23 Jun 2022 14:40:07 GMT">
  <testcase classname="testCases.TestCasesExam" name="@AfterTest cleanUp" time="0.0">
    <failure type="org.openqa.selenium.NoSuchSessionException" message="Session ID is null. Using WebDriver after calling quit()?
Build info: version: &amp;apos;3.141.59&amp;apos;, revision: &amp;apos;e82be7d358&amp;apos;, time: &amp;apos;2018-11-14T08:17:03&amp;apos;
System info: host: &amp;apos;Dianas-MacBook-Air.local&amp;apos;, ip: &amp;apos;fe80:0:0:0:c49:46ca:bef5:5adc%en0&amp;apos;, os.name: &amp;apos;Mac OS X&amp;apos;, os.arch: &amp;apos;aarch64&amp;apos;, os.version: &amp;apos;12.4&amp;apos;, java.version: &amp;apos;17.0.2&amp;apos;
Driver info: driver.version: RemoteWebDriver">
      <![CDATA[org.openqa.selenium.NoSuchSessionException: Session ID is null. Using WebDriver after calling quit()?
Build info: version: '3.141.59', revision: 'e82be7d358', time: '2018-11-14T08:17:03'
System info: host: 'Dianas-MacBook-Air.local', ip: 'fe80:0:0:0:c49:46ca:bef5:5adc%en0', os.name: 'Mac OS X', os.arch: 'aarch64', os.version: '12.4', java.version: '17.0.2'
Driver info: driver.version: RemoteWebDriver
at org.openqa.selenium.remote.HttpCommandExecutor.execute(HttpCommandExecutor.java:125)
at org.openqa.selenium.remote.service.DriverCommandExecutor.execute(DriverCommandExecutor.java:83)
at org.openqa.selenium.remote.RemoteWebDriver.execute(RemoteWebDriver.java:552)
at org.openqa.selenium.remote.RemoteWebDriver.execute(RemoteWebDriver.java:609)
at org.openqa.selenium.remote.RemoteWebDriver.getWindowHandles(RemoteWebDriver.java:460)
at frameWorkClasses.BasePage.closeChildBrowserTab(BasePage.java:243)
at testCases.TestCasesExam.cleanUp(TestCasesExam.java:42)
... Removed 24 stack frames]]>
    </failure>
  </testcase> <!-- @AfterTest cleanUp -->
  <testcase classname="testCases.ReadDataFromExcel" name="ProductQuantityString" time="0.265">
    <failure type="org.testng.internal.reflect.MethodMatcherException" message="
Data provider mismatch
Method: ProductQuantityString([Parameter{index=0, type=java.lang.String, declaredAnnotations=[]}, Parameter{index=1, type=int, declaredAnnotations=[]}])
Arguments: [(java.lang.String) Belt,(java.lang.String) 1]">
      <![CDATA[org.testng.internal.reflect.MethodMatcherException: 
Data provider mismatch
Method: ProductQuantityString([Parameter{index=0, type=java.lang.String, declaredAnnotations=[]}, Parameter{index=1, type=int, declaredAnnotations=[]}])
Arguments: [(java.lang.String) Belt,(java.lang.String) 1]
... Removed 20 stack frames]]>
    </failure>
  </testcase> <!-- ProductQuantityString -->
  <testcase classname="testCases.ReadDataFromExcel" name="ProductQuantityString1" time="0.001"/>
  <testcase classname="testCases.ReadDataFromExcel" name="ProductQuantityString1" time="0.001"/>
  <testcase classname="testCases.ReadDataFromExcel" name="ProductQuantityint" time="0.001"/>
  <testcase classname="testCases.ReadDataFromExcel" name="ProductQuantityint" time="0.001"/>
  <testcase classname="testCases.PlayTestCasesExam" name="GIVEN_userAddsDiamondHeartNecklaceToShoppingCart_WHEN_userSelectsUSACountry_AND_selectsMassachusettsState_AND_inputs02216ZipCode_AND_userSelectsEstimateShipping_THEN_shippingDetailsAreDisplays" time="7.877"/>
  <testcase classname="testCases.PlayTestCasesExam" name="GIVEN_userAddsYellowApplePhoneCoverToShoppingCart_WHEN_userChecksTheRemoveCheckbox_AND_selectsUpdateShopingCart_THEN_itemsAreSuccessfullyRemovedFromShoppingCart_AND_emptyCartMessageIsReturns" time="9.003">
    <failure type="java.lang.AssertionError" message="expected:&amp;lt;false&amp;gt; but was:&amp;lt;true&amp;gt;">
      <![CDATA[java.lang.AssertionError: expected:<false> but was:<true>
at testCases.PlayTestCasesExam.GIVEN_userAddsYellowApplePhoneCoverToShoppingCart_WHEN_userChecksTheRemoveCheckbox_AND_selectsUpdateShopingCart_THEN_itemsAreSuccessfullyRemovedFromShoppingCart_AND_emptyCartMessageIsReturns(PlayTestCasesExam.java:115)
... Removed 30 stack frames]]>
    </failure>
  </testcase> <!-- GIVEN_userAddsYellowApplePhoneCoverToShoppingCart_WHEN_userChecksTheRemoveCheckbox_AND_selectsUpdateShopingCart_THEN_itemsAreSuccessfullyRemovedFromShoppingCart_AND_emptyCartMessageIsReturns -->
  <testcase classname="testCases.PlayTestCasesExam" name="GIVEN_userIsOnLandingPage_AND_entersSmartphoneAsSearchString_AND_clicksSearchButton_AND_addsToCart_WHEN_userUpdatesQtyTextBox_THEN_shoppingCartAmountIsUpdated" time="5.906"/>
  <testcase classname="testCases.PlayTestCasesExam" name="GIVEN_userIsOnLandingPage_AND_selectsBlueJeansViaApparlAndShoesHeaderMenu_WHEN_userAddsToCart_THEN_successNotificationIsDisplayed_AND_itemIsSuccessfullyDisplaysInShopppingCart" time="6.896">
    <failure type="java.lang.AssertionError" message="expected:&amp;lt;false&amp;gt; but was:&amp;lt;true&amp;gt;">
      <![CDATA[java.lang.AssertionError: expected:<false> but was:<true>
at testCases.PlayTestCasesExam.GIVEN_userIsOnLandingPage_AND_selectsBlueJeansViaApparlAndShoesHeaderMenu_WHEN_userAddsToCart_THEN_successNotificationIsDisplayed_AND_itemIsSuccessfullyDisplaysInShopppingCart(PlayTestCasesExam.java:55)
... Removed 30 stack frames]]>
    </failure>
  </testcase> <!-- GIVEN_userIsOnLandingPage_AND_selectsBlueJeansViaApparlAndShoesHeaderMenu_WHEN_userAddsToCart_THEN_successNotificationIsDisplayed_AND_itemIsSuccessfullyDisplaysInShopppingCart -->
  <testcase classname="testCases.PlayTestCasesExam" name="GIVEN_userSelectsAddToCompareListForDesktopPCWithCDRW_AND_userSelectsAddToCompareListForDesktopPCWithCDRW_AND_itemsDisplayInCompareProducts_WHEN_userSelectsClearList_THEN_listIsCleared_AND_noItemsMessageIsReturned" time="13.266">
    <failure type="org.openqa.selenium.InvalidSelectorException" message="invalid selector: An invalid or illegal selector was specified
  (Session info: chrome=103.0.5060.53)
For documentation on this error, please visit: https://www.seleniumhq.org/exceptions/invalid_selector_exception.html
Build info: version: &amp;apos;3.141.59&amp;apos;, revision: &amp;apos;e82be7d358&amp;apos;, time: &amp;apos;2018-11-14T08:17:03&amp;apos;
System info: host: &amp;apos;Dianas-MacBook-Air.local&amp;apos;, ip: &amp;apos;fe80:0:0:0:c49:46ca:bef5:5adc%en0&amp;apos;, os.name: &amp;apos;Mac OS X&amp;apos;, os.arch: &amp;apos;aarch64&amp;apos;, os.version: &amp;apos;12.4&amp;apos;, java.version: &amp;apos;17.0.2&amp;apos;
Driver info: org.openqa.selenium.chrome.ChromeDriver
Capabilities {acceptInsecureCerts: false, browserName: chrome, browserVersion: 103.0.5060.53, chrome: {chromedriverVersion: 103.0.5060.53 (a1711811edd7..., userDataDir: /var/folders/3q/tq2hdfdd5n7...}, goog:chromeOptions: {debuggerAddress: localhost:49273}, javascriptEnabled: true, networkConnectionEnabled: false, pageLoadStrategy: normal, platform: MAC, platformName: MAC, proxy: Proxy(), setWindowRect: true, strictFileInteractability: false, timeouts: {implicit: 0, pageLoad: 300000, script: 30000}, unhandledPromptBehavior: dismiss and notify, webauthn:extension:credBlob: true, webauthn:extension:largeBlob: true, webauthn:virtualAuthenticators: true}
Session ID: 13ab8629b05823f9e8074d0dab8d2777
*** Element info: {Using=css selector, value=//body/div[@class=&amp;apos;master-wrapper-page&amp;apos;]/div[@class=&amp;apos;master-wrapper-content&amp;apos;]//div[@class=&amp;apos;page-body&amp;apos;]}">
      <![CDATA[org.openqa.selenium.InvalidSelectorException: invalid selector: An invalid or illegal selector was specified
  (Session info: chrome=103.0.5060.53)
For documentation on this error, please visit: https://www.seleniumhq.org/exceptions/invalid_selector_exception.html
Build info: version: '3.141.59', revision: 'e82be7d358', time: '2018-11-14T08:17:03'
System info: host: 'Dianas-MacBook-Air.local', ip: 'fe80:0:0:0:c49:46ca:bef5:5adc%en0', os.name: 'Mac OS X', os.arch: 'aarch64', os.version: '12.4', java.version: '17.0.2'
Driver info: org.openqa.selenium.chrome.ChromeDriver
Capabilities {acceptInsecureCerts: false, browserName: chrome, browserVersion: 103.0.5060.53, chrome: {chromedriverVersion: 103.0.5060.53 (a1711811edd7..., userDataDir: /var/folders/3q/tq2hdfdd5n7...}, goog:chromeOptions: {debuggerAddress: localhost:49273}, javascriptEnabled: true, networkConnectionEnabled: false, pageLoadStrategy: normal, platform: MAC, platformName: MAC, proxy: Proxy(), setWindowRect: true, strictFileInteractability: false, timeouts: {implicit: 0, pageLoad: 300000, script: 30000}, unhandledPromptBehavior: dismiss and notify, webauthn:extension:credBlob: true, webauthn:extension:largeBlob: true, webauthn:virtualAuthenticators: true}
Session ID: 13ab8629b05823f9e8074d0dab8d2777
*** Element info: {Using=css selector, value=//body/div[@class='master-wrapper-page']/div[@class='master-wrapper-content']//div[@class='page-body']}
at org.openqa.selenium.remote.http.W3CHttpResponseCodec.createException(W3CHttpResponseCodec.java:187)
at org.openqa.selenium.remote.http.W3CHttpResponseCodec.decode(W3CHttpResponseCodec.java:122)
at org.openqa.selenium.remote.http.W3CHttpResponseCodec.decode(W3CHttpResponseCodec.java:49)
at org.openqa.selenium.remote.HttpCommandExecutor.execute(HttpCommandExecutor.java:158)
at org.openqa.selenium.remote.service.DriverCommandExecutor.execute(DriverCommandExecutor.java:83)
at org.openqa.selenium.remote.RemoteWebDriver.execute(RemoteWebDriver.java:552)
at org.openqa.selenium.remote.RemoteWebDriver.findElement(RemoteWebDriver.java:323)
at org.openqa.selenium.remote.RemoteWebDriver.findElementByCssSelector(RemoteWebDriver.java:420)
at org.openqa.selenium.By$ByCssSelector.findElement(By.java:431)
at org.openqa.selenium.remote.RemoteWebDriver.findElement(RemoteWebDriver.java:315)
at pageObjectsExam.CompareProductsPage.clearList(CompareProductsPage.java:14)
at testCases.PlayTestCasesExam.GIVEN_userSelectsAddToCompareListForDesktopPCWithCDRW_AND_userSelectsAddToCompareListForDesktopPCWithCDRW_AND_itemsDisplayInCompareProducts_WHEN_userSelectsClearList_THEN_listIsCleared_AND_noItemsMessageIsReturned(PlayTestCasesExam.java:169)
... Removed 30 stack frames]]>
    </failure>
  </testcase> <!-- GIVEN_userSelectsAddToCompareListForDesktopPCWithCDRW_AND_userSelectsAddToCompareListForDesktopPCWithCDRW_AND_itemsDisplayInCompareProducts_WHEN_userSelectsClearList_THEN_listIsCleared_AND_noItemsMessageIsReturned -->
  <testcase classname="testCases.PlayTestCasesExam" name="GIVEN_userSelectsCreateYourOwnJewelryViaTheJewelryCategoryList_AND_selectsSilverImm_AND_inputs30cmLength_AND_selectsStarPendantType_WHEN_userAddsToCart_THEN_itemIsSuccessfullyDisplaysInShopppingCart" time="9.76">
    <failure type="java.lang.AssertionError" message="expected:&amp;lt;false&amp;gt; but was:&amp;lt;true&amp;gt;">
      <![CDATA[java.lang.AssertionError: expected:<false> but was:<true>
at testCases.PlayTestCasesExam.GIVEN_userSelectsCreateYourOwnJewelryViaTheJewelryCategoryList_AND_selectsSilverImm_AND_inputs30cmLength_AND_selectsStarPendantType_WHEN_userAddsToCart_THEN_itemIsSuccessfullyDisplaysInShopppingCart(PlayTestCasesExam.java:73)
... Removed 30 stack frames]]>
    </failure>
  </testcase> <!-- GIVEN_userSelectsCreateYourOwnJewelryViaTheJewelryCategoryList_AND_selectsSilverImm_AND_inputs30cmLength_AND_selectsStarPendantType_WHEN_userAddsToCart_THEN_itemIsSuccessfullyDisplaysInShopppingCart -->
  <testcase classname="testCases.PlayTestCasesExam" name="SearchSiteWithExcel" time="6.685"/>
  <testcase classname="testCases.PlayTestCasesExam" name="SearchSiteWithExcel" time="6.927"/>
  <testcase classname="testCases.TestCasesExam" name="GIVEN_userAddsDiamondHeartNecklaceToShoppingCart_WHEN_userSelectsUSACountry_AND_selectsMassachusettsState_AND_inputs02216ZipCode_AND_userSelectsEstimateShipping_THEN_shippingDetailsAreDisplays" time="4.093">
    <failure type="java.lang.AssertionError" message="expected:&amp;lt;false&amp;gt; but was:&amp;lt;true&amp;gt;">
      <![CDATA[java.lang.AssertionError: expected:<false> but was:<true>
at testCases.TestCasesExam.GIVEN_userAddsDiamondHeartNecklaceToShoppingCart_WHEN_userSelectsUSACountry_AND_selectsMassachusettsState_AND_inputs02216ZipCode_AND_userSelectsEstimateShipping_THEN_shippingDetailsAreDisplays(TestCasesExam.java:135)
... Removed 30 stack frames]]>
    </failure>
  </testcase> <!-- GIVEN_userAddsDiamondHeartNecklaceToShoppingCart_WHEN_userSelectsUSACountry_AND_selectsMassachusettsState_AND_inputs02216ZipCode_AND_userSelectsEstimateShipping_THEN_shippingDetailsAreDisplays -->
  <testcase classname="testCases.TestCasesExam" name="GIVEN_userAddsYellowApplePhoneCoverToShoppingCart_WHEN_userChecksTheRemoveCheckbox_AND_selectsUpdateShopingCart_THEN_itemsAreSuccessfullyRemovedFromShoppingCart_AND_emptyCartMessageIsReturns" time="7.373">
    <failure type="java.lang.AssertionError" message="expected:&amp;lt;false&amp;gt; but was:&amp;lt;true&amp;gt;">
      <![CDATA[java.lang.AssertionError: expected:<false> but was:<true>
at testCases.TestCasesExam.GIVEN_userAddsYellowApplePhoneCoverToShoppingCart_WHEN_userChecksTheRemoveCheckbox_AND_selectsUpdateShopingCart_THEN_itemsAreSuccessfullyRemovedFromShoppingCart_AND_emptyCartMessageIsReturns(TestCasesExam.java:116)
... Removed 30 stack frames]]>
    </failure>
  </testcase> <!-- GIVEN_userAddsYellowApplePhoneCoverToShoppingCart_WHEN_userChecksTheRemoveCheckbox_AND_selectsUpdateShopingCart_THEN_itemsAreSuccessfullyRemovedFromShoppingCart_AND_emptyCartMessageIsReturns -->
  <testcase classname="testCases.TestCasesExam" name="GIVEN_userIsOnLandingPage_AND_entersSmartphoneAsSearchString_AND_clicksSearchButton_AND_addsToCart_WHEN_userUpdatesQtyTextBox_THEN_shoppingCartAmountIsUpdated" time="5.874"/>
  <testcase classname="testCases.TestCasesExam" name="GIVEN_userIsOnLandingPage_AND_selectsBlueJeansViaApparlAndShoesHeaderMenu_WHEN_userAddsToCart_THEN_successNotificationIsDisplayed_AND_itemIsSuccessfullyDisplaysInShopppingCart" time="5.659">
    <failure type="java.lang.AssertionError" message="expected:&amp;lt;false&amp;gt; but was:&amp;lt;true&amp;gt;">
      <![CDATA[java.lang.AssertionError: expected:<false> but was:<true>
at testCases.TestCasesExam.GIVEN_userIsOnLandingPage_AND_selectsBlueJeansViaApparlAndShoesHeaderMenu_WHEN_userAddsToCart_THEN_successNotificationIsDisplayed_AND_itemIsSuccessfullyDisplaysInShopppingCart(TestCasesExam.java:56)
... Removed 30 stack frames]]>
    </failure>
  </testcase> <!-- GIVEN_userIsOnLandingPage_AND_selectsBlueJeansViaApparlAndShoesHeaderMenu_WHEN_userAddsToCart_THEN_successNotificationIsDisplayed_AND_itemIsSuccessfullyDisplaysInShopppingCart -->
  <testcase classname="testCases.TestCasesExam" name="GIVEN_userSelectsAddToCompareListForDesktopPCWithCDRW_AND_userSelectsAddToCompareListForDesktopPCWithCDRW_AND_itemsDisplayInCompareProducts_WHEN_userSelectsClearList_THEN_listIsCleared_AND_noItemsMessageIsReturned" time="11.048">
    <failure type="org.openqa.selenium.InvalidSelectorException" message="invalid selector: An invalid or illegal selector was specified
  (Session info: chrome=103.0.5060.53)
For documentation on this error, please visit: https://www.seleniumhq.org/exceptions/invalid_selector_exception.html
Build info: version: &amp;apos;3.141.59&amp;apos;, revision: &amp;apos;e82be7d358&amp;apos;, time: &amp;apos;2018-11-14T08:17:03&amp;apos;
System info: host: &amp;apos;Dianas-MacBook-Air.local&amp;apos;, ip: &amp;apos;fe80:0:0:0:c49:46ca:bef5:5adc%en0&amp;apos;, os.name: &amp;apos;Mac OS X&amp;apos;, os.arch: &amp;apos;aarch64&amp;apos;, os.version: &amp;apos;12.4&amp;apos;, java.version: &amp;apos;17.0.2&amp;apos;
Driver info: org.openqa.selenium.chrome.ChromeDriver
Capabilities {acceptInsecureCerts: false, browserName: chrome, browserVersion: 103.0.5060.53, chrome: {chromedriverVersion: 103.0.5060.53 (a1711811edd7..., userDataDir: /var/folders/3q/tq2hdfdd5n7...}, goog:chromeOptions: {debuggerAddress: localhost:49273}, javascriptEnabled: true, networkConnectionEnabled: false, pageLoadStrategy: normal, platform: MAC, platformName: MAC, proxy: Proxy(), setWindowRect: true, strictFileInteractability: false, timeouts: {implicit: 0, pageLoad: 300000, script: 30000}, unhandledPromptBehavior: dismiss and notify, webauthn:extension:credBlob: true, webauthn:extension:largeBlob: true, webauthn:virtualAuthenticators: true}
Session ID: 13ab8629b05823f9e8074d0dab8d2777
*** Element info: {Using=css selector, value=//body/div[@class=&amp;apos;master-wrapper-page&amp;apos;]/div[@class=&amp;apos;master-wrapper-content&amp;apos;]//div[@class=&amp;apos;page-body&amp;apos;]}">
      <![CDATA[org.openqa.selenium.InvalidSelectorException: invalid selector: An invalid or illegal selector was specified
  (Session info: chrome=103.0.5060.53)
For documentation on this error, please visit: https://www.seleniumhq.org/exceptions/invalid_selector_exception.html
Build info: version: '3.141.59', revision: 'e82be7d358', time: '2018-11-14T08:17:03'
System info: host: 'Dianas-MacBook-Air.local', ip: 'fe80:0:0:0:c49:46ca:bef5:5adc%en0', os.name: 'Mac OS X', os.arch: 'aarch64', os.version: '12.4', java.version: '17.0.2'
Driver info: org.openqa.selenium.chrome.ChromeDriver
Capabilities {acceptInsecureCerts: false, browserName: chrome, browserVersion: 103.0.5060.53, chrome: {chromedriverVersion: 103.0.5060.53 (a1711811edd7..., userDataDir: /var/folders/3q/tq2hdfdd5n7...}, goog:chromeOptions: {debuggerAddress: localhost:49273}, javascriptEnabled: true, networkConnectionEnabled: false, pageLoadStrategy: normal, platform: MAC, platformName: MAC, proxy: Proxy(), setWindowRect: true, strictFileInteractability: false, timeouts: {implicit: 0, pageLoad: 300000, script: 30000}, unhandledPromptBehavior: dismiss and notify, webauthn:extension:credBlob: true, webauthn:extension:largeBlob: true, webauthn:virtualAuthenticators: true}
Session ID: 13ab8629b05823f9e8074d0dab8d2777
*** Element info: {Using=css selector, value=//body/div[@class='master-wrapper-page']/div[@class='master-wrapper-content']//div[@class='page-body']}
at org.openqa.selenium.remote.http.W3CHttpResponseCodec.createException(W3CHttpResponseCodec.java:187)
at org.openqa.selenium.remote.http.W3CHttpResponseCodec.decode(W3CHttpResponseCodec.java:122)
at org.openqa.selenium.remote.http.W3CHttpResponseCodec.decode(W3CHttpResponseCodec.java:49)
at org.openqa.selenium.remote.HttpCommandExecutor.execute(HttpCommandExecutor.java:158)
at org.openqa.selenium.remote.service.DriverCommandExecutor.execute(DriverCommandExecutor.java:83)
at org.openqa.selenium.remote.RemoteWebDriver.execute(RemoteWebDriver.java:552)
at org.openqa.selenium.remote.RemoteWebDriver.findElement(RemoteWebDriver.java:323)
at org.openqa.selenium.remote.RemoteWebDriver.findElementByCssSelector(RemoteWebDriver.java:420)
at org.openqa.selenium.By$ByCssSelector.findElement(By.java:431)
at org.openqa.selenium.remote.RemoteWebDriver.findElement(RemoteWebDriver.java:315)
at pageObjectsExam.CompareProductsPage.clearList(CompareProductsPage.java:14)
at testCases.TestCasesExam.GIVEN_userSelectsAddToCompareListForDesktopPCWithCDRW_AND_userSelectsAddToCompareListForDesktopPCWithCDRW_AND_itemsDisplayInCompareProducts_WHEN_userSelectsClearList_THEN_listIsCleared_AND_noItemsMessageIsReturned(TestCasesExam.java:170)
... Removed 30 stack frames]]>
    </failure>
  </testcase> <!-- GIVEN_userSelectsAddToCompareListForDesktopPCWithCDRW_AND_userSelectsAddToCompareListForDesktopPCWithCDRW_AND_itemsDisplayInCompareProducts_WHEN_userSelectsClearList_THEN_listIsCleared_AND_noItemsMessageIsReturned -->
  <testcase classname="testCases.TestCasesExam" name="GIVEN_userSelectsCreateYourOwnJewelryViaTheJewelryCategoryList_AND_selectsSilverImm_AND_inputs30cmLength_AND_selectsStarPendantType_WHEN_userAddsToCart_THEN_itemIsSuccessfullyDisplaysInShopppingCart" time="8.165">
    <failure type="java.lang.AssertionError" message="expected:&amp;lt;false&amp;gt; but was:&amp;lt;true&amp;gt;">
      <![CDATA[java.lang.AssertionError: expected:<false> but was:<true>
at testCases.TestCasesExam.GIVEN_userSelectsCreateYourOwnJewelryViaTheJewelryCategoryList_AND_selectsSilverImm_AND_inputs30cmLength_AND_selectsStarPendantType_WHEN_userAddsToCart_THEN_itemIsSuccessfullyDisplaysInShopppingCart(TestCasesExam.java:74)
... Removed 30 stack frames]]>
    </failure>
  </testcase> <!-- GIVEN_userSelectsCreateYourOwnJewelryViaTheJewelryCategoryList_AND_selectsSilverImm_AND_inputs30cmLength_AND_selectsStarPendantType_WHEN_userAddsToCart_THEN_itemIsSuccessfullyDisplaysInShopppingCart -->
  <testcase classname="testCases.TestCasesExam" name="SearchSiteWithExcel" time="6.544"/>
  <testcase classname="testCases.TestCasesExam" name="SearchSiteWithExcel" time="6.724"/>
</testsuite> <!-- Test -->
