<html>
<head>
<title>TestNG:  Test</title>
<link href="../testng.css" rel="stylesheet" type="text/css" />
<link href="../my-testng.css" rel="stylesheet" type="text/css" />

<style type="text/css">
.log { display: none;} 
.stack-trace { display: none;} 
</style>
<script type="text/javascript">
<!--
function flip(e) {
  current = e.style.display;
  if (current == 'block') {
    e.style.display = 'none';
    return 0;
  }
  else {
    e.style.display = 'block';
    return 1;
  }
}

function toggleBox(szDivId, elem, msg1, msg2)
{
  var res = -1;  if (document.getElementById) {
    res = flip(document.getElementById(szDivId));
  }
  else if (document.all) {
    // this is the way old msie versions work
    res = flip(document.all[szDivId]);
  }
  if(elem) {
    if(res == 0) elem.innerHTML = msg1; else elem.innerHTML = msg2;
  }

}

function toggleAllBoxes() {
  if (document.getElementsByTagName) {
    d = document.getElementsByTagName('div');
    for (i = 0; i < d.length; i++) {
      if (d[i].className == 'log') {
        flip(d[i]);
      }
    }
  }
}

// -->
</script>

</head>
<body>
<h2 align='center'>Test</h2><table border='1' align="center">
<tr>
<td>Tests passed/Failed/Skipped:</td><td>11/10/0</td>
</tr><tr>
<td>Started on:</td><td>Thu Jun 23 16:38:05 SAST 2022</td>
</tr>
<tr><td>Total time:</td><td>122 seconds (122273 ms)</td>
</tr><tr>
<td>Included groups:</td><td></td>
</tr><tr>
<td>Excluded groups:</td><td></td>
</tr>
</table><p/>
<small><i>(Hover the method name to see the test class name)</i></small><p/>
<table width='100%' border='1' class='invocation-failed'>
<tr><td colspan='4' align='center'><b>FAILED CONFIGURATIONS</b></td></tr>
<tr><td><b>Test method</b></td>
<td width="30%"><b>Exception</b></td>
<td width="10%"><b>Time (seconds)</b></td>
<td><b>Instance</b></td>
</tr>
<tr>
<td title='testCases.PlayTestCasesExam.cleanUp()'><b>cleanUp</b><br>Test class: testCases.PlayTestCasesExam</td>
<td><div><pre>org.openqa.selenium.NoSuchSessionException: Session ID is null. Using WebDriver after calling quit()?
Build info: version: &apos;3.141.59&apos;, revision: &apos;e82be7d358&apos;, time: &apos;2018-11-14T08:17:03&apos;
System info: host: &apos;Dianas-MacBook-Air.local&apos;, ip: &apos;fe80:0:0:0:c49:46ca:bef5:5adc%en0&apos;, os.name: &apos;Mac OS X&apos;, os.arch: &apos;aarch64&apos;, os.version: &apos;12.4&apos;, java.version: &apos;17.0.2&apos;
Driver info: driver.version: RemoteWebDriver
	at org.openqa.selenium.remote.HttpCommandExecutor.execute(HttpCommandExecutor.java:125)
	at org.openqa.selenium.remote.service.DriverCommandExecutor.execute(DriverCommandExecutor.java:83)
	at org.openqa.selenium.remote.RemoteWebDriver.execute(RemoteWebDriver.java:552)
	at org.openqa.selenium.remote.RemoteWebDriver.execute(RemoteWebDriver.java:609)
	at org.openqa.selenium.remote.RemoteWebDriver.getWindowHandles(RemoteWebDriver.java:460)
	at frameWorkClasses.BasePage.closeChildBrowserTab(BasePage.java:243)
	at testCases.TestCasesExam.cleanUp(TestCasesExam.java:42)
... Removed 24 stack frames</pre></div><a href='#' onClick='toggleBox("stack-trace1877334646", this, "Click to show all stack frames", "Click to hide stack frames")'>Click to show all stack frames</a>
<div class='stack-trace' id='stack-trace1877334646'><pre>org.openqa.selenium.NoSuchSessionException: Session ID is null. Using WebDriver after calling quit()?
Build info: version: &apos;3.141.59&apos;, revision: &apos;e82be7d358&apos;, time: &apos;2018-11-14T08:17:03&apos;
System info: host: &apos;Dianas-MacBook-Air.local&apos;, ip: &apos;fe80:0:0:0:c49:46ca:bef5:5adc%en0&apos;, os.name: &apos;Mac OS X&apos;, os.arch: &apos;aarch64&apos;, os.version: &apos;12.4&apos;, java.version: &apos;17.0.2&apos;
Driver info: driver.version: RemoteWebDriver
	at org.openqa.selenium.remote.HttpCommandExecutor.execute(HttpCommandExecutor.java:125)
	at org.openqa.selenium.remote.service.DriverCommandExecutor.execute(DriverCommandExecutor.java:83)
	at org.openqa.selenium.remote.RemoteWebDriver.execute(RemoteWebDriver.java:552)
	at org.openqa.selenium.remote.RemoteWebDriver.execute(RemoteWebDriver.java:609)
	at org.openqa.selenium.remote.RemoteWebDriver.getWindowHandles(RemoteWebDriver.java:460)
	at frameWorkClasses.BasePage.closeChildBrowserTab(BasePage.java:243)
	at testCases.TestCasesExam.cleanUp(TestCasesExam.java:42)
	at java.base/jdk.internal.reflect.NativeMethodAccessorImpl.invoke0(Native Method)
	at java.base/jdk.internal.reflect.NativeMethodAccessorImpl.invoke(NativeMethodAccessorImpl.java:77)
	at java.base/jdk.internal.reflect.DelegatingMethodAccessorImpl.invoke(DelegatingMethodAccessorImpl.java:43)
	at java.base/java.lang.reflect.Method.invoke(Method.java:568)
	at org.testng.internal.MethodInvocationHelper.invokeMethod(MethodInvocationHelper.java:124)
	at org.testng.internal.MethodInvocationHelper.invokeMethodConsideringTimeout(MethodInvocationHelper.java:59)
	at org.testng.internal.Invoker.invokeConfigurationMethod(Invoker.java:458)
	at org.testng.internal.Invoker.invokeConfigurations(Invoker.java:222)
	at org.testng.internal.Invoker.invokeConfigurations(Invoker.java:142)
	at org.testng.TestRunner.afterRun(TestRunner.java:725)
	at org.testng.TestRunner.run(TestRunner.java:509)
	at org.testng.SuiteRunner.runTest(SuiteRunner.java:455)
	at org.testng.SuiteRunner.runSequentially(SuiteRunner.java:450)
	at org.testng.SuiteRunner.privateRun(SuiteRunner.java:415)
	at org.testng.SuiteRunner.run(SuiteRunner.java:364)
	at org.testng.SuiteRunnerWorker.runSuite(SuiteRunnerWorker.java:52)
	at org.testng.SuiteRunnerWorker.run(SuiteRunnerWorker.java:84)
	at org.testng.TestNG.runSuitesSequentially(TestNG.java:1208)
	at org.testng.TestNG.runSuitesLocally(TestNG.java:1137)
	at org.testng.TestNG.runSuites(TestNG.java:1049)
	at org.testng.TestNG.run(TestNG.java:1017)
	at org.testng.remote.AbstractRemoteTestNG.run(AbstractRemoteTestNG.java:115)
	at org.testng.remote.RemoteTestNG.initAndRun(RemoteTestNG.java:251)
	at org.testng.remote.RemoteTestNG.main(RemoteTestNG.java:77)
</pre></div></td>
<td>0</td>
<td>testCases.TestCasesExam@64e1dd11</td></tr>
</table><p>
<table width='100%' border='1' class='invocation-failed'>
<tr><td colspan='4' align='center'><b>FAILED TESTS</b></td></tr>
<tr><td><b>Test method</b></td>
<td width="30%"><b>Exception</b></td>
<td width="10%"><b>Time (seconds)</b></td>
<td><b>Instance</b></td>
</tr>
<tr>
<td title='testCases.TestCasesExam.GIVEN_userAddsDiamondHeartNecklaceToShoppingCart_WHEN_userSelectsUSACountry_AND_selectsMassachusettsState_AND_inputs02216ZipCode_AND_userSelectsEstimateShipping_THEN_shippingDetailsAreDisplays()'><b>GIVEN_userAddsDiamondHeartNecklaceToShoppingCart_WHEN_userSelectsUSACountry_AND_selectsMassachusettsState_AND_inputs02216ZipCode_AND_userSelectsEstimateShipping_THEN_shippingDetailsAreDisplays</b><br>Test class: testCases.TestCasesExam<br/>
<a href="#Output-586722754" onClick='toggleBox("Output-586722754", this, "Show output", "Hide output");'>Show output</a>

<a href="#Output-586722754" onClick="toggleAllBoxes();">Show all outputs</a>
<div class='log' id="Output-586722754">
Amount inCorrect (1)<br/>
Text is (9)<br/>
</div>
</td>
<td><div><pre>java.lang.AssertionError: expected:&lt;false&gt; but was:&lt;true&gt;
	at testCases.TestCasesExam.GIVEN_userAddsDiamondHeartNecklaceToShoppingCart_WHEN_userSelectsUSACountry_AND_selectsMassachusettsState_AND_inputs02216ZipCode_AND_userSelectsEstimateShipping_THEN_shippingDetailsAreDisplays(TestCasesExam.java:135)
... Removed 30 stack frames</pre></div><a href='#' onClick='toggleBox("stack-trace586722754", this, "Click to show all stack frames", "Click to hide stack frames")'>Click to show all stack frames</a>
<div class='stack-trace' id='stack-trace586722754'><pre>java.lang.AssertionError: expected:&lt;false&gt; but was:&lt;true&gt;
	at org.testng.AssertJUnit.fail(AssertJUnit.java:59)
	at org.testng.AssertJUnit.failNotEquals(AssertJUnit.java:364)
	at org.testng.AssertJUnit.assertEquals(AssertJUnit.java:80)
	at org.testng.AssertJUnit.assertEquals(AssertJUnit.java:185)
	at org.testng.AssertJUnit.assertEquals(AssertJUnit.java:192)
	at testCases.TestCasesExam.GIVEN_userAddsDiamondHeartNecklaceToShoppingCart_WHEN_userSelectsUSACountry_AND_selectsMassachusettsState_AND_inputs02216ZipCode_AND_userSelectsEstimateShipping_THEN_shippingDetailsAreDisplays(TestCasesExam.java:135)
	at java.base/jdk.internal.reflect.NativeMethodAccessorImpl.invoke0(Native Method)
	at java.base/jdk.internal.reflect.NativeMethodAccessorImpl.invoke(NativeMethodAccessorImpl.java:77)
	at java.base/jdk.internal.reflect.DelegatingMethodAccessorImpl.invoke(DelegatingMethodAccessorImpl.java:43)
	at java.base/java.lang.reflect.Method.invoke(Method.java:568)
	at org.testng.internal.MethodInvocationHelper.invokeMethod(MethodInvocationHelper.java:124)
	at org.testng.internal.Invoker.invokeMethod(Invoker.java:583)
	at org.testng.internal.Invoker.invokeTestMethod(Invoker.java:719)
	at org.testng.internal.Invoker.invokeTestMethods(Invoker.java:989)
	at org.testng.internal.TestMethodWorker.invokeTestMethods(TestMethodWorker.java:125)
	at org.testng.internal.TestMethodWorker.run(TestMethodWorker.java:109)
	at org.testng.TestRunner.privateRun(TestRunner.java:648)
	at org.testng.TestRunner.run(TestRunner.java:505)
	at org.testng.SuiteRunner.runTest(SuiteRunner.java:455)
	at org.testng.SuiteRunner.runSequentially(SuiteRunner.java:450)
	at org.testng.SuiteRunner.privateRun(SuiteRunner.java:415)
	at org.testng.SuiteRunner.run(SuiteRunner.java:364)
	at org.testng.SuiteRunnerWorker.runSuite(SuiteRunnerWorker.java:52)
	at org.testng.SuiteRunnerWorker.run(SuiteRunnerWorker.java:84)
	at org.testng.TestNG.runSuitesSequentially(TestNG.java:1208)
	at org.testng.TestNG.runSuitesLocally(TestNG.java:1137)
	at org.testng.TestNG.runSuites(TestNG.java:1049)
	at org.testng.TestNG.run(TestNG.java:1017)
	at org.testng.remote.AbstractRemoteTestNG.run(AbstractRemoteTestNG.java:115)
	at org.testng.remote.RemoteTestNG.initAndRun(RemoteTestNG.java:251)
	at org.testng.remote.RemoteTestNG.main(RemoteTestNG.java:77)
</pre></div></td>
<td>4</td>
<td>testCases.TestCasesExam@64e1dd11</td></tr>
<tr>
<td title='testCases.PlayTestCasesExam.GIVEN_userAddsYellowApplePhoneCoverToShoppingCart_WHEN_userChecksTheRemoveCheckbox_AND_selectsUpdateShopingCart_THEN_itemsAreSuccessfullyRemovedFromShoppingCart_AND_emptyCartMessageIsReturns()'><b>GIVEN_userAddsYellowApplePhoneCoverToShoppingCart_WHEN_userChecksTheRemoveCheckbox_AND_selectsUpdateShopingCart_THEN_itemsAreSuccessfullyRemovedFromShoppingCart_AND_emptyCartMessageIsReturns</b><br>Test class: testCases.PlayTestCasesExam<br/>
<a href="#Output-2096842550" onClick='toggleBox("Output-2096842550", this, "Show output", "Hide output");'>Show output</a>

<a href="#Output-2096842550" onClick="toggleAllBoxes();">Show all outputs</a>
<div class='log' id="Output-2096842550">
Amount inCorrect (1)<br/>
Text is (2)<br/>
</div>
</td>
<td><div><pre>java.lang.AssertionError: expected:&lt;false&gt; but was:&lt;true&gt;
	at testCases.PlayTestCasesExam.GIVEN_userAddsYellowApplePhoneCoverToShoppingCart_WHEN_userChecksTheRemoveCheckbox_AND_selectsUpdateShopingCart_THEN_itemsAreSuccessfullyRemovedFromShoppingCart_AND_emptyCartMessageIsReturns(PlayTestCasesExam.java:115)
... Removed 30 stack frames</pre></div><a href='#' onClick='toggleBox("stack-trace2096842550", this, "Click to show all stack frames", "Click to hide stack frames")'>Click to show all stack frames</a>
<div class='stack-trace' id='stack-trace2096842550'><pre>java.lang.AssertionError: expected:&lt;false&gt; but was:&lt;true&gt;
	at org.testng.AssertJUnit.fail(AssertJUnit.java:59)
	at org.testng.AssertJUnit.failNotEquals(AssertJUnit.java:364)
	at org.testng.AssertJUnit.assertEquals(AssertJUnit.java:80)
	at org.testng.AssertJUnit.assertEquals(AssertJUnit.java:185)
	at org.testng.AssertJUnit.assertEquals(AssertJUnit.java:192)
	at testCases.PlayTestCasesExam.GIVEN_userAddsYellowApplePhoneCoverToShoppingCart_WHEN_userChecksTheRemoveCheckbox_AND_selectsUpdateShopingCart_THEN_itemsAreSuccessfullyRemovedFromShoppingCart_AND_emptyCartMessageIsReturns(PlayTestCasesExam.java:115)
	at java.base/jdk.internal.reflect.NativeMethodAccessorImpl.invoke0(Native Method)
	at java.base/jdk.internal.reflect.NativeMethodAccessorImpl.invoke(NativeMethodAccessorImpl.java:77)
	at java.base/jdk.internal.reflect.DelegatingMethodAccessorImpl.invoke(DelegatingMethodAccessorImpl.java:43)
	at java.base/java.lang.reflect.Method.invoke(Method.java:568)
	at org.testng.internal.MethodInvocationHelper.invokeMethod(MethodInvocationHelper.java:124)
	at org.testng.internal.Invoker.invokeMethod(Invoker.java:583)
	at org.testng.internal.Invoker.invokeTestMethod(Invoker.java:719)
	at org.testng.internal.Invoker.invokeTestMethods(Invoker.java:989)
	at org.testng.internal.TestMethodWorker.invokeTestMethods(TestMethodWorker.java:125)
	at org.testng.internal.TestMethodWorker.run(TestMethodWorker.java:109)
	at org.testng.TestRunner.privateRun(TestRunner.java:648)
	at org.testng.TestRunner.run(TestRunner.java:505)
	at org.testng.SuiteRunner.runTest(SuiteRunner.java:455)
	at org.testng.SuiteRunner.runSequentially(SuiteRunner.java:450)
	at org.testng.SuiteRunner.privateRun(SuiteRunner.java:415)
	at org.testng.SuiteRunner.run(SuiteRunner.java:364)
	at org.testng.SuiteRunnerWorker.runSuite(SuiteRunnerWorker.java:52)
	at org.testng.SuiteRunnerWorker.run(SuiteRunnerWorker.java:84)
	at org.testng.TestNG.runSuitesSequentially(TestNG.java:1208)
	at org.testng.TestNG.runSuitesLocally(TestNG.java:1137)
	at org.testng.TestNG.runSuites(TestNG.java:1049)
	at org.testng.TestNG.run(TestNG.java:1017)
	at org.testng.remote.AbstractRemoteTestNG.run(AbstractRemoteTestNG.java:115)
	at org.testng.remote.RemoteTestNG.initAndRun(RemoteTestNG.java:251)
	at org.testng.remote.RemoteTestNG.main(RemoteTestNG.java:77)
</pre></div></td>
<td>9</td>
<td>testCases.PlayTestCasesExam@6ef7623</td></tr>
<tr>
<td title='testCases.TestCasesExam.GIVEN_userAddsYellowApplePhoneCoverToShoppingCart_WHEN_userChecksTheRemoveCheckbox_AND_selectsUpdateShopingCart_THEN_itemsAreSuccessfullyRemovedFromShoppingCart_AND_emptyCartMessageIsReturns()'><b>GIVEN_userAddsYellowApplePhoneCoverToShoppingCart_WHEN_userChecksTheRemoveCheckbox_AND_selectsUpdateShopingCart_THEN_itemsAreSuccessfullyRemovedFromShoppingCart_AND_emptyCartMessageIsReturns</b><br>Test class: testCases.TestCasesExam<br/>
<a href="#Output-1743224658" onClick='toggleBox("Output-1743224658", this, "Show output", "Hide output");'>Show output</a>

<a href="#Output-1743224658" onClick="toggleAllBoxes();">Show all outputs</a>
<div class='log' id="Output-1743224658">
Amount inCorrect (1)<br/>
Text is (10)<br/>
</div>
</td>
<td><div><pre>java.lang.AssertionError: expected:&lt;false&gt; but was:&lt;true&gt;
	at testCases.TestCasesExam.GIVEN_userAddsYellowApplePhoneCoverToShoppingCart_WHEN_userChecksTheRemoveCheckbox_AND_selectsUpdateShopingCart_THEN_itemsAreSuccessfullyRemovedFromShoppingCart_AND_emptyCartMessageIsReturns(TestCasesExam.java:116)
... Removed 30 stack frames</pre></div><a href='#' onClick='toggleBox("stack-trace1743224658", this, "Click to show all stack frames", "Click to hide stack frames")'>Click to show all stack frames</a>
<div class='stack-trace' id='stack-trace1743224658'><pre>java.lang.AssertionError: expected:&lt;false&gt; but was:&lt;true&gt;
	at org.testng.AssertJUnit.fail(AssertJUnit.java:59)
	at org.testng.AssertJUnit.failNotEquals(AssertJUnit.java:364)
	at org.testng.AssertJUnit.assertEquals(AssertJUnit.java:80)
	at org.testng.AssertJUnit.assertEquals(AssertJUnit.java:185)
	at org.testng.AssertJUnit.assertEquals(AssertJUnit.java:192)
	at testCases.TestCasesExam.GIVEN_userAddsYellowApplePhoneCoverToShoppingCart_WHEN_userChecksTheRemoveCheckbox_AND_selectsUpdateShopingCart_THEN_itemsAreSuccessfullyRemovedFromShoppingCart_AND_emptyCartMessageIsReturns(TestCasesExam.java:116)
	at java.base/jdk.internal.reflect.NativeMethodAccessorImpl.invoke0(Native Method)
	at java.base/jdk.internal.reflect.NativeMethodAccessorImpl.invoke(NativeMethodAccessorImpl.java:77)
	at java.base/jdk.internal.reflect.DelegatingMethodAccessorImpl.invoke(DelegatingMethodAccessorImpl.java:43)
	at java.base/java.lang.reflect.Method.invoke(Method.java:568)
	at org.testng.internal.MethodInvocationHelper.invokeMethod(MethodInvocationHelper.java:124)
	at org.testng.internal.Invoker.invokeMethod(Invoker.java:583)
	at org.testng.internal.Invoker.invokeTestMethod(Invoker.java:719)
	at org.testng.internal.Invoker.invokeTestMethods(Invoker.java:989)
	at org.testng.internal.TestMethodWorker.invokeTestMethods(TestMethodWorker.java:125)
	at org.testng.internal.TestMethodWorker.run(TestMethodWorker.java:109)
	at org.testng.TestRunner.privateRun(TestRunner.java:648)
	at org.testng.TestRunner.run(TestRunner.java:505)
	at org.testng.SuiteRunner.runTest(SuiteRunner.java:455)
	at org.testng.SuiteRunner.runSequentially(SuiteRunner.java:450)
	at org.testng.SuiteRunner.privateRun(SuiteRunner.java:415)
	at org.testng.SuiteRunner.run(SuiteRunner.java:364)
	at org.testng.SuiteRunnerWorker.runSuite(SuiteRunnerWorker.java:52)
	at org.testng.SuiteRunnerWorker.run(SuiteRunnerWorker.java:84)
	at org.testng.TestNG.runSuitesSequentially(TestNG.java:1208)
	at org.testng.TestNG.runSuitesLocally(TestNG.java:1137)
	at org.testng.TestNG.runSuites(TestNG.java:1049)
	at org.testng.TestNG.run(TestNG.java:1017)
	at org.testng.remote.AbstractRemoteTestNG.run(AbstractRemoteTestNG.java:115)
	at org.testng.remote.RemoteTestNG.initAndRun(RemoteTestNG.java:251)
	at org.testng.remote.RemoteTestNG.main(RemoteTestNG.java:77)
</pre></div></td>
<td>7</td>
<td>testCases.TestCasesExam@64e1dd11</td></tr>
<tr>
<td title='testCases.PlayTestCasesExam.GIVEN_userIsOnLandingPage_AND_selectsBlueJeansViaApparlAndShoesHeaderMenu_WHEN_userAddsToCart_THEN_successNotificationIsDisplayed_AND_itemIsSuccessfullyDisplaysInShopppingCart()'><b>GIVEN_userIsOnLandingPage_AND_selectsBlueJeansViaApparlAndShoesHeaderMenu_WHEN_userAddsToCart_THEN_successNotificationIsDisplayed_AND_itemIsSuccessfullyDisplaysInShopppingCart</b><br>Test class: testCases.PlayTestCasesExam<br/>
<a href="#Output-819680566" onClick='toggleBox("Output-819680566", this, "Show output", "Hide output");'>Show output</a>

<a href="#Output-819680566" onClick="toggleAllBoxes();">Show all outputs</a>
<div class='log' id="Output-819680566">
Amount inCorrect (1)<br/>
Text is (5)<br/>
</div>
</td>
<td><div><pre>java.lang.AssertionError: expected:&lt;false&gt; but was:&lt;true&gt;
	at testCases.PlayTestCasesExam.GIVEN_userIsOnLandingPage_AND_selectsBlueJeansViaApparlAndShoesHeaderMenu_WHEN_userAddsToCart_THEN_successNotificationIsDisplayed_AND_itemIsSuccessfullyDisplaysInShopppingCart(PlayTestCasesExam.java:55)
... Removed 30 stack frames</pre></div><a href='#' onClick='toggleBox("stack-trace819680566", this, "Click to show all stack frames", "Click to hide stack frames")'>Click to show all stack frames</a>
<div class='stack-trace' id='stack-trace819680566'><pre>java.lang.AssertionError: expected:&lt;false&gt; but was:&lt;true&gt;
	at org.testng.AssertJUnit.fail(AssertJUnit.java:59)
	at org.testng.AssertJUnit.failNotEquals(AssertJUnit.java:364)
	at org.testng.AssertJUnit.assertEquals(AssertJUnit.java:80)
	at org.testng.AssertJUnit.assertEquals(AssertJUnit.java:185)
	at org.testng.AssertJUnit.assertEquals(AssertJUnit.java:192)
	at testCases.PlayTestCasesExam.GIVEN_userIsOnLandingPage_AND_selectsBlueJeansViaApparlAndShoesHeaderMenu_WHEN_userAddsToCart_THEN_successNotificationIsDisplayed_AND_itemIsSuccessfullyDisplaysInShopppingCart(PlayTestCasesExam.java:55)
	at java.base/jdk.internal.reflect.NativeMethodAccessorImpl.invoke0(Native Method)
	at java.base/jdk.internal.reflect.NativeMethodAccessorImpl.invoke(NativeMethodAccessorImpl.java:77)
	at java.base/jdk.internal.reflect.DelegatingMethodAccessorImpl.invoke(DelegatingMethodAccessorImpl.java:43)
	at java.base/java.lang.reflect.Method.invoke(Method.java:568)
	at org.testng.internal.MethodInvocationHelper.invokeMethod(MethodInvocationHelper.java:124)
	at org.testng.internal.Invoker.invokeMethod(Invoker.java:583)
	at org.testng.internal.Invoker.invokeTestMethod(Invoker.java:719)
	at org.testng.internal.Invoker.invokeTestMethods(Invoker.java:989)
	at org.testng.internal.TestMethodWorker.invokeTestMethods(TestMethodWorker.java:125)
	at org.testng.internal.TestMethodWorker.run(TestMethodWorker.java:109)
	at org.testng.TestRunner.privateRun(TestRunner.java:648)
	at org.testng.TestRunner.run(TestRunner.java:505)
	at org.testng.SuiteRunner.runTest(SuiteRunner.java:455)
	at org.testng.SuiteRunner.runSequentially(SuiteRunner.java:450)
	at org.testng.SuiteRunner.privateRun(SuiteRunner.java:415)
	at org.testng.SuiteRunner.run(SuiteRunner.java:364)
	at org.testng.SuiteRunnerWorker.runSuite(SuiteRunnerWorker.java:52)
	at org.testng.SuiteRunnerWorker.run(SuiteRunnerWorker.java:84)
	at org.testng.TestNG.runSuitesSequentially(TestNG.java:1208)
	at org.testng.TestNG.runSuitesLocally(TestNG.java:1137)
	at org.testng.TestNG.runSuites(TestNG.java:1049)
	at org.testng.TestNG.run(TestNG.java:1017)
	at org.testng.remote.AbstractRemoteTestNG.run(AbstractRemoteTestNG.java:115)
	at org.testng.remote.RemoteTestNG.initAndRun(RemoteTestNG.java:251)
	at org.testng.remote.RemoteTestNG.main(RemoteTestNG.java:77)
</pre></div></td>
<td>6</td>
<td>testCases.PlayTestCasesExam@6ef7623</td></tr>
<tr>
<td title='testCases.TestCasesExam.GIVEN_userIsOnLandingPage_AND_selectsBlueJeansViaApparlAndShoesHeaderMenu_WHEN_userAddsToCart_THEN_successNotificationIsDisplayed_AND_itemIsSuccessfullyDisplaysInShopppingCart()'><b>GIVEN_userIsOnLandingPage_AND_selectsBlueJeansViaApparlAndShoesHeaderMenu_WHEN_userAddsToCart_THEN_successNotificationIsDisplayed_AND_itemIsSuccessfullyDisplaysInShopppingCart</b><br>Test class: testCases.TestCasesExam<br/>
<a href="#Output-2012011563" onClick='toggleBox("Output-2012011563", this, "Show output", "Hide output");'>Show output</a>

<a href="#Output-2012011563" onClick="toggleAllBoxes();">Show all outputs</a>
<div class='log' id="Output-2012011563">
Amount inCorrect (1)<br/>
Text is (11)<br/>
</div>
</td>
<td><div><pre>java.lang.AssertionError: expected:&lt;false&gt; but was:&lt;true&gt;
	at testCases.TestCasesExam.GIVEN_userIsOnLandingPage_AND_selectsBlueJeansViaApparlAndShoesHeaderMenu_WHEN_userAddsToCart_THEN_successNotificationIsDisplayed_AND_itemIsSuccessfullyDisplaysInShopppingCart(TestCasesExam.java:56)
... Removed 30 stack frames</pre></div><a href='#' onClick='toggleBox("stack-trace2012011563", this, "Click to show all stack frames", "Click to hide stack frames")'>Click to show all stack frames</a>
<div class='stack-trace' id='stack-trace2012011563'><pre>java.lang.AssertionError: expected:&lt;false&gt; but was:&lt;true&gt;
	at org.testng.AssertJUnit.fail(AssertJUnit.java:59)
	at org.testng.AssertJUnit.failNotEquals(AssertJUnit.java:364)
	at org.testng.AssertJUnit.assertEquals(AssertJUnit.java:80)
	at org.testng.AssertJUnit.assertEquals(AssertJUnit.java:185)
	at org.testng.AssertJUnit.assertEquals(AssertJUnit.java:192)
	at testCases.TestCasesExam.GIVEN_userIsOnLandingPage_AND_selectsBlueJeansViaApparlAndShoesHeaderMenu_WHEN_userAddsToCart_THEN_successNotificationIsDisplayed_AND_itemIsSuccessfullyDisplaysInShopppingCart(TestCasesExam.java:56)
	at java.base/jdk.internal.reflect.NativeMethodAccessorImpl.invoke0(Native Method)
	at java.base/jdk.internal.reflect.NativeMethodAccessorImpl.invoke(NativeMethodAccessorImpl.java:77)
	at java.base/jdk.internal.reflect.DelegatingMethodAccessorImpl.invoke(DelegatingMethodAccessorImpl.java:43)
	at java.base/java.lang.reflect.Method.invoke(Method.java:568)
	at org.testng.internal.MethodInvocationHelper.invokeMethod(MethodInvocationHelper.java:124)
	at org.testng.internal.Invoker.invokeMethod(Invoker.java:583)
	at org.testng.internal.Invoker.invokeTestMethod(Invoker.java:719)
	at org.testng.internal.Invoker.invokeTestMethods(Invoker.java:989)
	at org.testng.internal.TestMethodWorker.invokeTestMethods(TestMethodWorker.java:125)
	at org.testng.internal.TestMethodWorker.run(TestMethodWorker.java:109)
	at org.testng.TestRunner.privateRun(TestRunner.java:648)
	at org.testng.TestRunner.run(TestRunner.java:505)
	at org.testng.SuiteRunner.runTest(SuiteRunner.java:455)
	at org.testng.SuiteRunner.runSequentially(SuiteRunner.java:450)
	at org.testng.SuiteRunner.privateRun(SuiteRunner.java:415)
	at org.testng.SuiteRunner.run(SuiteRunner.java:364)
	at org.testng.SuiteRunnerWorker.runSuite(SuiteRunnerWorker.java:52)
	at org.testng.SuiteRunnerWorker.run(SuiteRunnerWorker.java:84)
	at org.testng.TestNG.runSuitesSequentially(TestNG.java:1208)
	at org.testng.TestNG.runSuitesLocally(TestNG.java:1137)
	at org.testng.TestNG.runSuites(TestNG.java:1049)
	at org.testng.TestNG.run(TestNG.java:1017)
	at org.testng.remote.AbstractRemoteTestNG.run(AbstractRemoteTestNG.java:115)
	at org.testng.remote.RemoteTestNG.initAndRun(RemoteTestNG.java:251)
	at org.testng.remote.RemoteTestNG.main(RemoteTestNG.java:77)
</pre></div></td>
<td>5</td>
<td>testCases.TestCasesExam@64e1dd11</td></tr>
<tr>
<td title='testCases.PlayTestCasesExam.GIVEN_userSelectsAddToCompareListForDesktopPCWithCDRW_AND_userSelectsAddToCompareListForDesktopPCWithCDRW_AND_itemsDisplayInCompareProducts_WHEN_userSelectsClearList_THEN_listIsCleared_AND_noItemsMessageIsReturned()'><b>GIVEN_userSelectsAddToCompareListForDesktopPCWithCDRW_AND_userSelectsAddToCompareListForDesktopPCWithCDRW_AND_itemsDisplayInCompareProducts_WHEN_userSelectsClearList_THEN_listIsCleared_AND_noItemsMessageIsReturned</b><br>Test class: testCases.PlayTestCasesExam</td>
<td><div><pre>org.openqa.selenium.InvalidSelectorException: invalid selector: An invalid or illegal selector was specified
  (Session info: chrome=103.0.5060.53)
For documentation on this error, please visit: https://www.seleniumhq.org/exceptions/invalid_selector_exception.html
Build info: version: &apos;3.141.59&apos;, revision: &apos;e82be7d358&apos;, time: &apos;2018-11-14T08:17:03&apos;
System info: host: &apos;Dianas-MacBook-Air.local&apos;, ip: &apos;fe80:0:0:0:c49:46ca:bef5:5adc%en0&apos;, os.name: &apos;Mac OS X&apos;, os.arch: &apos;aarch64&apos;, os.version: &apos;12.4&apos;, java.version: &apos;17.0.2&apos;
Driver info: org.openqa.selenium.chrome.ChromeDriver
Capabilities {acceptInsecureCerts: false, browserName: chrome, browserVersion: 103.0.5060.53, chrome: {chromedriverVersion: 103.0.5060.53 (a1711811edd7..., userDataDir: /var/folders/3q/tq2hdfdd5n7...}, goog:chromeOptions: {debuggerAddress: localhost:49273}, javascriptEnabled: true, networkConnectionEnabled: false, pageLoadStrategy: normal, platform: MAC, platformName: MAC, proxy: Proxy(), setWindowRect: true, strictFileInteractability: false, timeouts: {implicit: 0, pageLoad: 300000, script: 30000}, unhandledPromptBehavior: dismiss and notify, webauthn:extension:credBlob: true, webauthn:extension:largeBlob: true, webauthn:virtualAuthenticators: true}
Session ID: 13ab8629b05823f9e8074d0dab8d2777
*** Element info: {Using=css selector, value=//body/div[@class=&apos;master-wrapper-page&apos;]/div[@class=&apos;master-wrapper-content&apos;]//div[@class=&apos;page-body&apos;]}
	at org.openqa.selenium.remote.http.W3CHttpResponseCodec.createException(W3CHttpResponseCodec.java:187)
	at org.openqa.selenium.remote.http.W3CHttpResponseCodec.decode(W3CHttpResponseCodec.java:122)
	at org.openqa.selenium.remote.http.W3CHttpResponseCodec.decode(W3CHttpResponseCodec.java:49)
	at org.openqa.selenium.remote.HttpCommandExecutor.execute(HttpCommandExecutor.java:158)
	at org.openqa.selenium.remote.service.DriverCommandExecutor.execute(DriverCommandExecutor.java:83)
	at org.openqa.selenium.remote.RemoteWebDriver.execute(RemoteWebDriver.java:552)
	at org.openqa.selenium.remote.RemoteWebDriver.findElement(RemoteWebDriver.java:323)
	at org.openqa.selenium.remote.RemoteWebDriver.findElementByCssSelector(RemoteWebDriver.java:420)
	at org.openqa.selenium.By$ByCssSelector.findElement(By.java:431)
	at org.openqa.selenium.remote.RemoteWebDriver.findElement(RemoteWebDriver.java:315)
	at pageObjectsExam.CompareProductsPage.clearList(CompareProductsPage.java:14)
	at testCases.PlayTestCasesExam.GIVEN_userSelectsAddToCompareListForDesktopPCWithCDRW_AND_userSelectsAddToCompareListForDesktopPCWithCDRW_AND_itemsDisplayInCompareProducts_WHEN_userSelectsClearList_THEN_listIsCleared_AND_noItemsMessageIsReturned(PlayTestCasesExam.java:169)
... Removed 30 stack frames</pre></div><a href='#' onClick='toggleBox("stack-trace1451387509", this, "Click to show all stack frames", "Click to hide stack frames")'>Click to show all stack frames</a>
<div class='stack-trace' id='stack-trace1451387509'><pre>org.openqa.selenium.InvalidSelectorException: invalid selector: An invalid or illegal selector was specified
  (Session info: chrome=103.0.5060.53)
For documentation on this error, please visit: https://www.seleniumhq.org/exceptions/invalid_selector_exception.html
Build info: version: &apos;3.141.59&apos;, revision: &apos;e82be7d358&apos;, time: &apos;2018-11-14T08:17:03&apos;
System info: host: &apos;Dianas-MacBook-Air.local&apos;, ip: &apos;fe80:0:0:0:c49:46ca:bef5:5adc%en0&apos;, os.name: &apos;Mac OS X&apos;, os.arch: &apos;aarch64&apos;, os.version: &apos;12.4&apos;, java.version: &apos;17.0.2&apos;
Driver info: org.openqa.selenium.chrome.ChromeDriver
Capabilities {acceptInsecureCerts: false, browserName: chrome, browserVersion: 103.0.5060.53, chrome: {chromedriverVersion: 103.0.5060.53 (a1711811edd7..., userDataDir: /var/folders/3q/tq2hdfdd5n7...}, goog:chromeOptions: {debuggerAddress: localhost:49273}, javascriptEnabled: true, networkConnectionEnabled: false, pageLoadStrategy: normal, platform: MAC, platformName: MAC, proxy: Proxy(), setWindowRect: true, strictFileInteractability: false, timeouts: {implicit: 0, pageLoad: 300000, script: 30000}, unhandledPromptBehavior: dismiss and notify, webauthn:extension:credBlob: true, webauthn:extension:largeBlob: true, webauthn:virtualAuthenticators: true}
Session ID: 13ab8629b05823f9e8074d0dab8d2777
*** Element info: {Using=css selector, value=//body/div[@class=&apos;master-wrapper-page&apos;]/div[@class=&apos;master-wrapper-content&apos;]//div[@class=&apos;page-body&apos;]}
	at java.base/jdk.internal.reflect.NativeConstructorAccessorImpl.newInstance0(Native Method)
	at java.base/jdk.internal.reflect.NativeConstructorAccessorImpl.newInstance(NativeConstructorAccessorImpl.java:77)
	at java.base/jdk.internal.reflect.DelegatingConstructorAccessorImpl.newInstance(DelegatingConstructorAccessorImpl.java:45)
	at java.base/java.lang.reflect.Constructor.newInstanceWithCaller(Constructor.java:499)
	at java.base/java.lang.reflect.Constructor.newInstance(Constructor.java:480)
	at org.openqa.selenium.remote.http.W3CHttpResponseCodec.createException(W3CHttpResponseCodec.java:187)
	at org.openqa.selenium.remote.http.W3CHttpResponseCodec.decode(W3CHttpResponseCodec.java:122)
	at org.openqa.selenium.remote.http.W3CHttpResponseCodec.decode(W3CHttpResponseCodec.java:49)
	at org.openqa.selenium.remote.HttpCommandExecutor.execute(HttpCommandExecutor.java:158)
	at org.openqa.selenium.remote.service.DriverCommandExecutor.execute(DriverCommandExecutor.java:83)
	at org.openqa.selenium.remote.RemoteWebDriver.execute(RemoteWebDriver.java:552)
	at org.openqa.selenium.remote.RemoteWebDriver.findElement(RemoteWebDriver.java:323)
	at org.openqa.selenium.remote.RemoteWebDriver.findElementByCssSelector(RemoteWebDriver.java:420)
	at org.openqa.selenium.By$ByCssSelector.findElement(By.java:431)
	at org.openqa.selenium.remote.RemoteWebDriver.findElement(RemoteWebDriver.java:315)
	at pageObjectsExam.CompareProductsPage.clearList(CompareProductsPage.java:14)
	at testCases.PlayTestCasesExam.GIVEN_userSelectsAddToCompareListForDesktopPCWithCDRW_AND_userSelectsAddToCompareListForDesktopPCWithCDRW_AND_itemsDisplayInCompareProducts_WHEN_userSelectsClearList_THEN_listIsCleared_AND_noItemsMessageIsReturned(PlayTestCasesExam.java:169)
	at java.base/jdk.internal.reflect.NativeMethodAccessorImpl.invoke0(Native Method)
	at java.base/jdk.internal.reflect.NativeMethodAccessorImpl.invoke(NativeMethodAccessorImpl.java:77)
	at java.base/jdk.internal.reflect.DelegatingMethodAccessorImpl.invoke(DelegatingMethodAccessorImpl.java:43)
	at java.base/java.lang.reflect.Method.invoke(Method.java:568)
	at org.testng.internal.MethodInvocationHelper.invokeMethod(MethodInvocationHelper.java:124)
	at org.testng.internal.Invoker.invokeMethod(Invoker.java:583)
	at org.testng.internal.Invoker.invokeTestMethod(Invoker.java:719)
	at org.testng.internal.Invoker.invokeTestMethods(Invoker.java:989)
	at org.testng.internal.TestMethodWorker.invokeTestMethods(TestMethodWorker.java:125)
	at org.testng.internal.TestMethodWorker.run(TestMethodWorker.java:109)
	at org.testng.TestRunner.privateRun(TestRunner.java:648)
	at org.testng.TestRunner.run(TestRunner.java:505)
	at org.testng.SuiteRunner.runTest(SuiteRunner.java:455)
	at org.testng.SuiteRunner.runSequentially(SuiteRunner.java:450)
	at org.testng.SuiteRunner.privateRun(SuiteRunner.java:415)
	at org.testng.SuiteRunner.run(SuiteRunner.java:364)
	at org.testng.SuiteRunnerWorker.runSuite(SuiteRunnerWorker.java:52)
	at org.testng.SuiteRunnerWorker.run(SuiteRunnerWorker.java:84)
	at org.testng.TestNG.runSuitesSequentially(TestNG.java:1208)
	at org.testng.TestNG.runSuitesLocally(TestNG.java:1137)
	at org.testng.TestNG.runSuites(TestNG.java:1049)
	at org.testng.TestNG.run(TestNG.java:1017)
	at org.testng.remote.AbstractRemoteTestNG.run(AbstractRemoteTestNG.java:115)
	at org.testng.remote.RemoteTestNG.initAndRun(RemoteTestNG.java:251)
	at org.testng.remote.RemoteTestNG.main(RemoteTestNG.java:77)
</pre></div></td>
<td>13</td>
<td>testCases.PlayTestCasesExam@6ef7623</td></tr>
<tr>
<td title='testCases.TestCasesExam.GIVEN_userSelectsAddToCompareListForDesktopPCWithCDRW_AND_userSelectsAddToCompareListForDesktopPCWithCDRW_AND_itemsDisplayInCompareProducts_WHEN_userSelectsClearList_THEN_listIsCleared_AND_noItemsMessageIsReturned()'><b>GIVEN_userSelectsAddToCompareListForDesktopPCWithCDRW_AND_userSelectsAddToCompareListForDesktopPCWithCDRW_AND_itemsDisplayInCompareProducts_WHEN_userSelectsClearList_THEN_listIsCleared_AND_noItemsMessageIsReturned</b><br>Test class: testCases.TestCasesExam</td>
<td><div><pre>org.openqa.selenium.InvalidSelectorException: invalid selector: An invalid or illegal selector was specified
  (Session info: chrome=103.0.5060.53)
For documentation on this error, please visit: https://www.seleniumhq.org/exceptions/invalid_selector_exception.html
Build info: version: &apos;3.141.59&apos;, revision: &apos;e82be7d358&apos;, time: &apos;2018-11-14T08:17:03&apos;
System info: host: &apos;Dianas-MacBook-Air.local&apos;, ip: &apos;fe80:0:0:0:c49:46ca:bef5:5adc%en0&apos;, os.name: &apos;Mac OS X&apos;, os.arch: &apos;aarch64&apos;, os.version: &apos;12.4&apos;, java.version: &apos;17.0.2&apos;
Driver info: org.openqa.selenium.chrome.ChromeDriver
Capabilities {acceptInsecureCerts: false, browserName: chrome, browserVersion: 103.0.5060.53, chrome: {chromedriverVersion: 103.0.5060.53 (a1711811edd7..., userDataDir: /var/folders/3q/tq2hdfdd5n7...}, goog:chromeOptions: {debuggerAddress: localhost:49273}, javascriptEnabled: true, networkConnectionEnabled: false, pageLoadStrategy: normal, platform: MAC, platformName: MAC, proxy: Proxy(), setWindowRect: true, strictFileInteractability: false, timeouts: {implicit: 0, pageLoad: 300000, script: 30000}, unhandledPromptBehavior: dismiss and notify, webauthn:extension:credBlob: true, webauthn:extension:largeBlob: true, webauthn:virtualAuthenticators: true}
Session ID: 13ab8629b05823f9e8074d0dab8d2777
*** Element info: {Using=css selector, value=//body/div[@class=&apos;master-wrapper-page&apos;]/div[@class=&apos;master-wrapper-content&apos;]//div[@class=&apos;page-body&apos;]}
	at org.openqa.selenium.remote.http.W3CHttpResponseCodec.createException(W3CHttpResponseCodec.java:187)
	at org.openqa.selenium.remote.http.W3CHttpResponseCodec.decode(W3CHttpResponseCodec.java:122)
	at org.openqa.selenium.remote.http.W3CHttpResponseCodec.decode(W3CHttpResponseCodec.java:49)
	at org.openqa.selenium.remote.HttpCommandExecutor.execute(HttpCommandExecutor.java:158)
	at org.openqa.selenium.remote.service.DriverCommandExecutor.execute(DriverCommandExecutor.java:83)
	at org.openqa.selenium.remote.RemoteWebDriver.execute(RemoteWebDriver.java:552)
	at org.openqa.selenium.remote.RemoteWebDriver.findElement(RemoteWebDriver.java:323)
	at org.openqa.selenium.remote.RemoteWebDriver.findElementByCssSelector(RemoteWebDriver.java:420)
	at org.openqa.selenium.By$ByCssSelector.findElement(By.java:431)
	at org.openqa.selenium.remote.RemoteWebDriver.findElement(RemoteWebDriver.java:315)
	at pageObjectsExam.CompareProductsPage.clearList(CompareProductsPage.java:14)
	at testCases.TestCasesExam.GIVEN_userSelectsAddToCompareListForDesktopPCWithCDRW_AND_userSelectsAddToCompareListForDesktopPCWithCDRW_AND_itemsDisplayInCompareProducts_WHEN_userSelectsClearList_THEN_listIsCleared_AND_noItemsMessageIsReturned(TestCasesExam.java:170)
... Removed 30 stack frames</pre></div><a href='#' onClick='toggleBox("stack-trace408012754", this, "Click to show all stack frames", "Click to hide stack frames")'>Click to show all stack frames</a>
<div class='stack-trace' id='stack-trace408012754'><pre>org.openqa.selenium.InvalidSelectorException: invalid selector: An invalid or illegal selector was specified
  (Session info: chrome=103.0.5060.53)
For documentation on this error, please visit: https://www.seleniumhq.org/exceptions/invalid_selector_exception.html
Build info: version: &apos;3.141.59&apos;, revision: &apos;e82be7d358&apos;, time: &apos;2018-11-14T08:17:03&apos;
System info: host: &apos;Dianas-MacBook-Air.local&apos;, ip: &apos;fe80:0:0:0:c49:46ca:bef5:5adc%en0&apos;, os.name: &apos;Mac OS X&apos;, os.arch: &apos;aarch64&apos;, os.version: &apos;12.4&apos;, java.version: &apos;17.0.2&apos;
Driver info: org.openqa.selenium.chrome.ChromeDriver
Capabilities {acceptInsecureCerts: false, browserName: chrome, browserVersion: 103.0.5060.53, chrome: {chromedriverVersion: 103.0.5060.53 (a1711811edd7..., userDataDir: /var/folders/3q/tq2hdfdd5n7...}, goog:chromeOptions: {debuggerAddress: localhost:49273}, javascriptEnabled: true, networkConnectionEnabled: false, pageLoadStrategy: normal, platform: MAC, platformName: MAC, proxy: Proxy(), setWindowRect: true, strictFileInteractability: false, timeouts: {implicit: 0, pageLoad: 300000, script: 30000}, unhandledPromptBehavior: dismiss and notify, webauthn:extension:credBlob: true, webauthn:extension:largeBlob: true, webauthn:virtualAuthenticators: true}
Session ID: 13ab8629b05823f9e8074d0dab8d2777
*** Element info: {Using=css selector, value=//body/div[@class=&apos;master-wrapper-page&apos;]/div[@class=&apos;master-wrapper-content&apos;]//div[@class=&apos;page-body&apos;]}
	at java.base/jdk.internal.reflect.NativeConstructorAccessorImpl.newInstance0(Native Method)
	at java.base/jdk.internal.reflect.NativeConstructorAccessorImpl.newInstance(NativeConstructorAccessorImpl.java:77)
	at java.base/jdk.internal.reflect.DelegatingConstructorAccessorImpl.newInstance(DelegatingConstructorAccessorImpl.java:45)
	at java.base/java.lang.reflect.Constructor.newInstanceWithCaller(Constructor.java:499)
	at java.base/java.lang.reflect.Constructor.newInstance(Constructor.java:480)
	at org.openqa.selenium.remote.http.W3CHttpResponseCodec.createException(W3CHttpResponseCodec.java:187)
	at org.openqa.selenium.remote.http.W3CHttpResponseCodec.decode(W3CHttpResponseCodec.java:122)
	at org.openqa.selenium.remote.http.W3CHttpResponseCodec.decode(W3CHttpResponseCodec.java:49)
	at org.openqa.selenium.remote.HttpCommandExecutor.execute(HttpCommandExecutor.java:158)
	at org.openqa.selenium.remote.service.DriverCommandExecutor.execute(DriverCommandExecutor.java:83)
	at org.openqa.selenium.remote.RemoteWebDriver.execute(RemoteWebDriver.java:552)
	at org.openqa.selenium.remote.RemoteWebDriver.findElement(RemoteWebDriver.java:323)
	at org.openqa.selenium.remote.RemoteWebDriver.findElementByCssSelector(RemoteWebDriver.java:420)
	at org.openqa.selenium.By$ByCssSelector.findElement(By.java:431)
	at org.openqa.selenium.remote.RemoteWebDriver.findElement(RemoteWebDriver.java:315)
	at pageObjectsExam.CompareProductsPage.clearList(CompareProductsPage.java:14)
	at testCases.TestCasesExam.GIVEN_userSelectsAddToCompareListForDesktopPCWithCDRW_AND_userSelectsAddToCompareListForDesktopPCWithCDRW_AND_itemsDisplayInCompareProducts_WHEN_userSelectsClearList_THEN_listIsCleared_AND_noItemsMessageIsReturned(TestCasesExam.java:170)
	at java.base/jdk.internal.reflect.NativeMethodAccessorImpl.invoke0(Native Method)
	at java.base/jdk.internal.reflect.NativeMethodAccessorImpl.invoke(NativeMethodAccessorImpl.java:77)
	at java.base/jdk.internal.reflect.DelegatingMethodAccessorImpl.invoke(DelegatingMethodAccessorImpl.java:43)
	at java.base/java.lang.reflect.Method.invoke(Method.java:568)
	at org.testng.internal.MethodInvocationHelper.invokeMethod(MethodInvocationHelper.java:124)
	at org.testng.internal.Invoker.invokeMethod(Invoker.java:583)
	at org.testng.internal.Invoker.invokeTestMethod(Invoker.java:719)
	at org.testng.internal.Invoker.invokeTestMethods(Invoker.java:989)
	at org.testng.internal.TestMethodWorker.invokeTestMethods(TestMethodWorker.java:125)
	at org.testng.internal.TestMethodWorker.run(TestMethodWorker.java:109)
	at org.testng.TestRunner.privateRun(TestRunner.java:648)
	at org.testng.TestRunner.run(TestRunner.java:505)
	at org.testng.SuiteRunner.runTest(SuiteRunner.java:455)
	at org.testng.SuiteRunner.runSequentially(SuiteRunner.java:450)
	at org.testng.SuiteRunner.privateRun(SuiteRunner.java:415)
	at org.testng.SuiteRunner.run(SuiteRunner.java:364)
	at org.testng.SuiteRunnerWorker.runSuite(SuiteRunnerWorker.java:52)
	at org.testng.SuiteRunnerWorker.run(SuiteRunnerWorker.java:84)
	at org.testng.TestNG.runSuitesSequentially(TestNG.java:1208)
	at org.testng.TestNG.runSuitesLocally(TestNG.java:1137)
	at org.testng.TestNG.runSuites(TestNG.java:1049)
	at org.testng.TestNG.run(TestNG.java:1017)
	at org.testng.remote.AbstractRemoteTestNG.run(AbstractRemoteTestNG.java:115)
	at org.testng.remote.RemoteTestNG.initAndRun(RemoteTestNG.java:251)
	at org.testng.remote.RemoteTestNG.main(RemoteTestNG.java:77)
</pre></div></td>
<td>11</td>
<td>testCases.TestCasesExam@64e1dd11</td></tr>
<tr>
<td title='testCases.PlayTestCasesExam.GIVEN_userSelectsCreateYourOwnJewelryViaTheJewelryCategoryList_AND_selectsSilverImm_AND_inputs30cmLength_AND_selectsStarPendantType_WHEN_userAddsToCart_THEN_itemIsSuccessfullyDisplaysInShopppingCart()'><b>GIVEN_userSelectsCreateYourOwnJewelryViaTheJewelryCategoryList_AND_selectsSilverImm_AND_inputs30cmLength_AND_selectsStarPendantType_WHEN_userAddsToCart_THEN_itemIsSuccessfullyDisplaysInShopppingCart</b><br>Test class: testCases.PlayTestCasesExam<br/>
<a href="#Output-224286556" onClick='toggleBox("Output-224286556", this, "Show output", "Hide output");'>Show output</a>

<a href="#Output-224286556" onClick="toggleAllBoxes();">Show all outputs</a>
<div class='log' id="Output-224286556">
Amount inCorrect (1)<br/>
Text is (6)<br/>
</div>
</td>
<td><div><pre>java.lang.AssertionError: expected:&lt;false&gt; but was:&lt;true&gt;
	at testCases.PlayTestCasesExam.GIVEN_userSelectsCreateYourOwnJewelryViaTheJewelryCategoryList_AND_selectsSilverImm_AND_inputs30cmLength_AND_selectsStarPendantType_WHEN_userAddsToCart_THEN_itemIsSuccessfullyDisplaysInShopppingCart(PlayTestCasesExam.java:73)
... Removed 30 stack frames</pre></div><a href='#' onClick='toggleBox("stack-trace224286556", this, "Click to show all stack frames", "Click to hide stack frames")'>Click to show all stack frames</a>
<div class='stack-trace' id='stack-trace224286556'><pre>java.lang.AssertionError: expected:&lt;false&gt; but was:&lt;true&gt;
	at org.testng.AssertJUnit.fail(AssertJUnit.java:59)
	at org.testng.AssertJUnit.failNotEquals(AssertJUnit.java:364)
	at org.testng.AssertJUnit.assertEquals(AssertJUnit.java:80)
	at org.testng.AssertJUnit.assertEquals(AssertJUnit.java:185)
	at org.testng.AssertJUnit.assertEquals(AssertJUnit.java:192)
	at testCases.PlayTestCasesExam.GIVEN_userSelectsCreateYourOwnJewelryViaTheJewelryCategoryList_AND_selectsSilverImm_AND_inputs30cmLength_AND_selectsStarPendantType_WHEN_userAddsToCart_THEN_itemIsSuccessfullyDisplaysInShopppingCart(PlayTestCasesExam.java:73)
	at java.base/jdk.internal.reflect.NativeMethodAccessorImpl.invoke0(Native Method)
	at java.base/jdk.internal.reflect.NativeMethodAccessorImpl.invoke(NativeMethodAccessorImpl.java:77)
	at java.base/jdk.internal.reflect.DelegatingMethodAccessorImpl.invoke(DelegatingMethodAccessorImpl.java:43)
	at java.base/java.lang.reflect.Method.invoke(Method.java:568)
	at org.testng.internal.MethodInvocationHelper.invokeMethod(MethodInvocationHelper.java:124)
	at org.testng.internal.Invoker.invokeMethod(Invoker.java:583)
	at org.testng.internal.Invoker.invokeTestMethod(Invoker.java:719)
	at org.testng.internal.Invoker.invokeTestMethods(Invoker.java:989)
	at org.testng.internal.TestMethodWorker.invokeTestMethods(TestMethodWorker.java:125)
	at org.testng.internal.TestMethodWorker.run(TestMethodWorker.java:109)
	at org.testng.TestRunner.privateRun(TestRunner.java:648)
	at org.testng.TestRunner.run(TestRunner.java:505)
	at org.testng.SuiteRunner.runTest(SuiteRunner.java:455)
	at org.testng.SuiteRunner.runSequentially(SuiteRunner.java:450)
	at org.testng.SuiteRunner.privateRun(SuiteRunner.java:415)
	at org.testng.SuiteRunner.run(SuiteRunner.java:364)
	at org.testng.SuiteRunnerWorker.runSuite(SuiteRunnerWorker.java:52)
	at org.testng.SuiteRunnerWorker.run(SuiteRunnerWorker.java:84)
	at org.testng.TestNG.runSuitesSequentially(TestNG.java:1208)
	at org.testng.TestNG.runSuitesLocally(TestNG.java:1137)
	at org.testng.TestNG.runSuites(TestNG.java:1049)
	at org.testng.TestNG.run(TestNG.java:1017)
	at org.testng.remote.AbstractRemoteTestNG.run(AbstractRemoteTestNG.java:115)
	at org.testng.remote.RemoteTestNG.initAndRun(RemoteTestNG.java:251)
	at org.testng.remote.RemoteTestNG.main(RemoteTestNG.java:77)
</pre></div></td>
<td>9</td>
<td>testCases.PlayTestCasesExam@6ef7623</td></tr>
<tr>
<td title='testCases.TestCasesExam.GIVEN_userSelectsCreateYourOwnJewelryViaTheJewelryCategoryList_AND_selectsSilverImm_AND_inputs30cmLength_AND_selectsStarPendantType_WHEN_userAddsToCart_THEN_itemIsSuccessfullyDisplaysInShopppingCart()'><b>GIVEN_userSelectsCreateYourOwnJewelryViaTheJewelryCategoryList_AND_selectsSilverImm_AND_inputs30cmLength_AND_selectsStarPendantType_WHEN_userAddsToCart_THEN_itemIsSuccessfullyDisplaysInShopppingCart</b><br>Test class: testCases.TestCasesExam<br/>
<a href="#Output-970827119" onClick='toggleBox("Output-970827119", this, "Show output", "Hide output");'>Show output</a>

<a href="#Output-970827119" onClick="toggleAllBoxes();">Show all outputs</a>
<div class='log' id="Output-970827119">
Amount inCorrect (1)<br/>
Text is (12)<br/>
</div>
</td>
<td><div><pre>java.lang.AssertionError: expected:&lt;false&gt; but was:&lt;true&gt;
	at testCases.TestCasesExam.GIVEN_userSelectsCreateYourOwnJewelryViaTheJewelryCategoryList_AND_selectsSilverImm_AND_inputs30cmLength_AND_selectsStarPendantType_WHEN_userAddsToCart_THEN_itemIsSuccessfullyDisplaysInShopppingCart(TestCasesExam.java:74)
... Removed 30 stack frames</pre></div><a href='#' onClick='toggleBox("stack-trace970827119", this, "Click to show all stack frames", "Click to hide stack frames")'>Click to show all stack frames</a>
<div class='stack-trace' id='stack-trace970827119'><pre>java.lang.AssertionError: expected:&lt;false&gt; but was:&lt;true&gt;
	at org.testng.AssertJUnit.fail(AssertJUnit.java:59)
	at org.testng.AssertJUnit.failNotEquals(AssertJUnit.java:364)
	at org.testng.AssertJUnit.assertEquals(AssertJUnit.java:80)
	at org.testng.AssertJUnit.assertEquals(AssertJUnit.java:185)
	at org.testng.AssertJUnit.assertEquals(AssertJUnit.java:192)
	at testCases.TestCasesExam.GIVEN_userSelectsCreateYourOwnJewelryViaTheJewelryCategoryList_AND_selectsSilverImm_AND_inputs30cmLength_AND_selectsStarPendantType_WHEN_userAddsToCart_THEN_itemIsSuccessfullyDisplaysInShopppingCart(TestCasesExam.java:74)
	at java.base/jdk.internal.reflect.NativeMethodAccessorImpl.invoke0(Native Method)
	at java.base/jdk.internal.reflect.NativeMethodAccessorImpl.invoke(NativeMethodAccessorImpl.java:77)
	at java.base/jdk.internal.reflect.DelegatingMethodAccessorImpl.invoke(DelegatingMethodAccessorImpl.java:43)
	at java.base/java.lang.reflect.Method.invoke(Method.java:568)
	at org.testng.internal.MethodInvocationHelper.invokeMethod(MethodInvocationHelper.java:124)
	at org.testng.internal.Invoker.invokeMethod(Invoker.java:583)
	at org.testng.internal.Invoker.invokeTestMethod(Invoker.java:719)
	at org.testng.internal.Invoker.invokeTestMethods(Invoker.java:989)
	at org.testng.internal.TestMethodWorker.invokeTestMethods(TestMethodWorker.java:125)
	at org.testng.internal.TestMethodWorker.run(TestMethodWorker.java:109)
	at org.testng.TestRunner.privateRun(TestRunner.java:648)
	at org.testng.TestRunner.run(TestRunner.java:505)
	at org.testng.SuiteRunner.runTest(SuiteRunner.java:455)
	at org.testng.SuiteRunner.runSequentially(SuiteRunner.java:450)
	at org.testng.SuiteRunner.privateRun(SuiteRunner.java:415)
	at org.testng.SuiteRunner.run(SuiteRunner.java:364)
	at org.testng.SuiteRunnerWorker.runSuite(SuiteRunnerWorker.java:52)
	at org.testng.SuiteRunnerWorker.run(SuiteRunnerWorker.java:84)
	at org.testng.TestNG.runSuitesSequentially(TestNG.java:1208)
	at org.testng.TestNG.runSuitesLocally(TestNG.java:1137)
	at org.testng.TestNG.runSuites(TestNG.java:1049)
	at org.testng.TestNG.run(TestNG.java:1017)
	at org.testng.remote.AbstractRemoteTestNG.run(AbstractRemoteTestNG.java:115)
	at org.testng.remote.RemoteTestNG.initAndRun(RemoteTestNG.java:251)
	at org.testng.remote.RemoteTestNG.main(RemoteTestNG.java:77)
</pre></div></td>
<td>8</td>
<td>testCases.TestCasesExam@64e1dd11</td></tr>
<tr>
<td title='testCases.ReadDataFromExcel.ProductQuantityString()'><b>ProductQuantityString</b><br>Test class: testCases.ReadDataFromExcel</td>
<td><div><pre>org.testng.internal.reflect.MethodMatcherException: 
Data provider mismatch
Method: ProductQuantityString([Parameter{index=0, type=java.lang.String, declaredAnnotations=[]}, Parameter{index=1, type=int, declaredAnnotations=[]}])
Arguments: [(java.lang.String) Belt,(java.lang.String) 1]
... Removed 20 stack frames</pre></div><a href='#' onClick='toggleBox("stack-trace1905280105", this, "Click to show all stack frames", "Click to hide stack frames")'>Click to show all stack frames</a>
<div class='stack-trace' id='stack-trace1905280105'><pre>org.testng.internal.reflect.MethodMatcherException: 
Data provider mismatch
Method: ProductQuantityString([Parameter{index=0, type=java.lang.String, declaredAnnotations=[]}, Parameter{index=1, type=int, declaredAnnotations=[]}])
Arguments: [(java.lang.String) Belt,(java.lang.String) 1]
	at org.testng.internal.reflect.DataProviderMethodMatcher.getConformingArguments(DataProviderMethodMatcher.java:45)
	at org.testng.internal.Parameters.injectParameters(Parameters.java:796)
	at org.testng.internal.Invoker.invokeTestMethods(Invoker.java:983)
	at org.testng.internal.TestMethodWorker.invokeTestMethods(TestMethodWorker.java:125)
	at org.testng.internal.TestMethodWorker.run(TestMethodWorker.java:109)
	at org.testng.TestRunner.privateRun(TestRunner.java:648)
	at org.testng.TestRunner.run(TestRunner.java:505)
	at org.testng.SuiteRunner.runTest(SuiteRunner.java:455)
	at org.testng.SuiteRunner.runSequentially(SuiteRunner.java:450)
	at org.testng.SuiteRunner.privateRun(SuiteRunner.java:415)
	at org.testng.SuiteRunner.run(SuiteRunner.java:364)
	at org.testng.SuiteRunnerWorker.runSuite(SuiteRunnerWorker.java:52)
	at org.testng.SuiteRunnerWorker.run(SuiteRunnerWorker.java:84)
	at org.testng.TestNG.runSuitesSequentially(TestNG.java:1208)
	at org.testng.TestNG.runSuitesLocally(TestNG.java:1137)
	at org.testng.TestNG.runSuites(TestNG.java:1049)
	at org.testng.TestNG.run(TestNG.java:1017)
	at org.testng.remote.AbstractRemoteTestNG.run(AbstractRemoteTestNG.java:115)
	at org.testng.remote.RemoteTestNG.initAndRun(RemoteTestNG.java:251)
	at org.testng.remote.RemoteTestNG.main(RemoteTestNG.java:77)
</pre></div></td>
<td>0</td>
<td>testCases.ReadDataFromExcel@4d6f197e</td></tr>
</table><p>
<table width='100%' border='1' class='invocation-passed'>
<tr><td colspan='4' align='center'><b>PASSED TESTS</b></td></tr>
<tr><td><b>Test method</b></td>
<td width="30%"><b>Exception</b></td>
<td width="10%"><b>Time (seconds)</b></td>
<td><b>Instance</b></td>
</tr>
<tr>
<td title='testCases.PlayTestCasesExam.GIVEN_userAddsDiamondHeartNecklaceToShoppingCart_WHEN_userSelectsUSACountry_AND_selectsMassachusettsState_AND_inputs02216ZipCode_AND_userSelectsEstimateShipping_THEN_shippingDetailsAreDisplays()'><b>GIVEN_userAddsDiamondHeartNecklaceToShoppingCart_WHEN_userSelectsUSACountry_AND_selectsMassachusettsState_AND_inputs02216ZipCode_AND_userSelectsEstimateShipping_THEN_shippingDetailsAreDisplays</b><br>Test class: testCases.PlayTestCasesExam<br/>
<a href="#Output-925024581" onClick='toggleBox("Output-925024581", this, "Show output", "Hide output");'>Show output</a>

<a href="#Output-925024581" onClick="toggleAllBoxes();">Show all outputs</a>
<div class='log' id="Output-925024581">
Amount Correct (1)<br/>
Text is (1)<br/>
</div>
</td>
<td></td>
<td>7</td>
<td>testCases.PlayTestCasesExam@6ef7623</td></tr>
<tr>
<td title='testCases.PlayTestCasesExam.GIVEN_userIsOnLandingPage_AND_entersSmartphoneAsSearchString_AND_clicksSearchButton_AND_addsToCart_WHEN_userUpdatesQtyTextBox_THEN_shoppingCartAmountIsUpdated()'><b>GIVEN_userIsOnLandingPage_AND_entersSmartphoneAsSearchString_AND_clicksSearchButton_AND_addsToCart_WHEN_userUpdatesQtyTextBox_THEN_shoppingCartAmountIsUpdated</b><br>Test class: testCases.PlayTestCasesExam</td>
<td></td>
<td>5</td>
<td>testCases.PlayTestCasesExam@6ef7623</td></tr>
<tr>
<td title='testCases.TestCasesExam.GIVEN_userIsOnLandingPage_AND_entersSmartphoneAsSearchString_AND_clicksSearchButton_AND_addsToCart_WHEN_userUpdatesQtyTextBox_THEN_shoppingCartAmountIsUpdated()'><b>GIVEN_userIsOnLandingPage_AND_entersSmartphoneAsSearchString_AND_clicksSearchButton_AND_addsToCart_WHEN_userUpdatesQtyTextBox_THEN_shoppingCartAmountIsUpdated</b><br>Test class: testCases.TestCasesExam</td>
<td></td>
<td>5</td>
<td>testCases.TestCasesExam@64e1dd11</td></tr>
<tr>
<td title='testCases.ReadDataFromExcel.ProductQuantityString1()'><b>ProductQuantityString1</b><br>Test class: testCases.ReadDataFromExcel<br>Parameters: Belt, 1</td>
<td></td>
<td>0</td>
<td>testCases.ReadDataFromExcel@4d6f197e</td></tr>
<tr>
<td title='testCases.ReadDataFromExcel.ProductQuantityString1()'><b>ProductQuantityString1</b><br>Test class: testCases.ReadDataFromExcel<br>Parameters: Health Book, 1</td>
<td></td>
<td>0</td>
<td>testCases.ReadDataFromExcel@4d6f197e</td></tr>
<tr>
<td title='testCases.ReadDataFromExcel.ProductQuantityint()'><b>ProductQuantityint</b><br>Test class: testCases.ReadDataFromExcel<br>Parameters: Belt, 1</td>
<td></td>
<td>0</td>
<td>testCases.ReadDataFromExcel@4d6f197e</td></tr>
<tr>
<td title='testCases.ReadDataFromExcel.ProductQuantityint()'><b>ProductQuantityint</b><br>Test class: testCases.ReadDataFromExcel<br>Parameters: Health Book, 1</td>
<td></td>
<td>0</td>
<td>testCases.ReadDataFromExcel@4d6f197e</td></tr>
<tr>
<td title='testCases.PlayTestCasesExam.SearchSiteWithExcel()'><b>SearchSiteWithExcel</b><br>Test class: testCases.PlayTestCasesExam<br>Parameters: Belt, 1</td>
<td></td>
<td>6</td>
<td>testCases.PlayTestCasesExam@6ef7623</td></tr>
<tr>
<td title='testCases.PlayTestCasesExam.SearchSiteWithExcel()'><b>SearchSiteWithExcel</b><br>Test class: testCases.PlayTestCasesExam<br>Parameters: Health Book, 1</td>
<td></td>
<td>6</td>
<td>testCases.PlayTestCasesExam@6ef7623</td></tr>
<tr>
<td title='testCases.TestCasesExam.SearchSiteWithExcel()'><b>SearchSiteWithExcel</b><br>Test class: testCases.TestCasesExam<br>Parameters: Belt, 1</td>
<td></td>
<td>6</td>
<td>testCases.TestCasesExam@64e1dd11</td></tr>
<tr>
<td title='testCases.TestCasesExam.SearchSiteWithExcel()'><b>SearchSiteWithExcel</b><br>Test class: testCases.TestCasesExam<br>Parameters: Health Book, 1</td>
<td></td>
<td>6</td>
<td>testCases.TestCasesExam@64e1dd11</td></tr>
</table><p>
</body>
</html>